#-----------------------------------------------------------
# Webtalk v2018.3 (64-bit)
# SW Build 2405991 on Thu Dec  6 23:38:27 MST 2018
# 
# Start of session at: Sun Apr  6 23:43:40 2025
# Process ID: 24824
# Current directory: C:/Users/Robert/ECE532_HDMI2/vivado_proj/Nexys-Video-HDMI.sdk/webtalk
# Command line: wbtcv.exe -mode batch -source sdk_webtalk.tcl
# Log file: C:/Users/Robert/ECE532_HDMI2/vivado_proj/Nexys-Video-HDMI.sdk/webtalk/webtalk.log
# Journal file: C:/Users/Robert/ECE532_HDMI2/vivado_proj/Nexys-Video-HDMI.sdk/webtalk\webtalk.jou
#-----------------------------------------------------------
source sdk_webtalk.tcl
# webtalk_init -webtalk_dir C:\\Users\\Robert\\ECE532_HDMI2\\vivado_proj\\Nexys-Video-HDMI.sdk\\webtalk
# webtalk_register_client -client project
# webtalk_add_data -client project -key date_generated -value "2025-04-06 23:43:40" -context "software_version_and_target_device"
# webtalk_add_data -client project -key product_version -value "SDK v2018.3" -context "software_version_and_target_device"
# webtalk_add_data -client project -key build_version -value "2018.3" -context "software_version_and_target_device"
# webtalk_add_data -client project -key os_platform -value "amd64" -context "software_version_and_target_device"
# webtalk_add_data -client project -key registration_id -value "" -context "software_version_and_target_device"
# webtalk_add_data -client project -key tool_flow -value "SDK" -context "software_version_and_target_device"
# webtalk_add_data -client project -key beta -value "false" -context "software_version_and_target_device"
# webtalk_add_data -client project -key route_design -value "NA" -context "software_version_and_target_device"
# webtalk_add_data -client project -key target_family -value "NA" -context "software_version_and_target_device"
# webtalk_add_data -client project -key target_device -value "NA" -context "software_version_and_target_device"
# webtalk_add_data -client project -key target_package -value "NA" -context "software_version_and_target_device"
# webtalk_add_data -client project -key target_speed -value "NA" -context "software_version_and_target_device"
# webtalk_add_data -client project -key random_id -value "7kr6p5pcov8i0oaesn972hd4j8" -context "software_version_and_target_device"
# webtalk_add_data -client project -key project_id -value "2018.3_36" -context "software_version_and_target_device"
# webtalk_add_data -client project -key project_iteration -value "36" -context "software_version_and_target_device"
# webtalk_add_data -client project -key os_name -value "Microsoft Windows 8 or later , 64-bit" -context "user_environment"
# webtalk_add_data -client project -key os_release -value "major release  (build 9200)" -context "user_environment"
# webtalk_add_data -client project -key cpu_name -value "AMD Ryzen 9 7950X3D 16-Core Processor          " -context "user_environment"
# webtalk_add_data -client project -key cpu_speed -value "4192 MHz" -context "user_environment"
# webtalk_add_data -client project -key total_processors -value "1" -context "user_environment"
# webtalk_add_data -client project -key system_ram -value "33.445 GB" -context "user_environment"
# webtalk_register_client -client sdk
# webtalk_add_data -client sdk -key uid -value "1743995806485" -context "sdk\\\\bsp/1743995806485"
# webtalk_add_data -client sdk -key hwid -value "1742668523048" -context "sdk\\\\bsp/1743995806485"
# webtalk_add_data -client sdk -key os -value "standalone" -context "sdk\\\\bsp/1743995806485"
# webtalk_add_data -client sdk -key apptemplate -value "empty_application" -context "sdk\\\\bsp/1743995806485"
# webtalk_add_data -client sdk -key RecordType -value "BSPCreation" -context "sdk\\\\bsp/1743995806485"
# webtalk_add_data -client sdk -key uid -value "1743995807416" -context "sdk\\\\application/1743995807416"
# webtalk_add_data -client sdk -key hwid -value "1742668523048" -context "sdk\\\\application/1743995807416"
# webtalk_add_data -client sdk -key bspid -value "1743995806485" -context "sdk\\\\application/1743995807416"
# webtalk_add_data -client sdk -key newbsp -value "true" -context "sdk\\\\application/1743995807416"
# webtalk_add_data -client sdk -key os -value "standalone" -context "sdk\\\\application/1743995807416"
# webtalk_add_data -client sdk -key apptemplate -value "empty_application" -context "sdk\\\\application/1743995807416"
# webtalk_add_data -client sdk -key RecordType -value "APPCreation" -context "sdk\\\\application/1743995807416"
# webtalk_add_data -client sdk -key LangUsed -value "C" -context "sdk\\\\application/1743995807416"
# webtalk_add_data -client sdk -key Procused -value "microblaze" -context "sdk\\\\application/1743995807416"
# webtalk_add_data -client sdk -key uid -value "1743996242127" -context "sdk\\\\bsp/1743996242127"
# webtalk_add_data -client sdk -key hwid -value "1742668523048" -context "sdk\\\\bsp/1743996242127"
# webtalk_add_data -client sdk -key os -value "standalone" -context "sdk\\\\bsp/1743996242127"
# webtalk_add_data -client sdk -key apptemplate -value "hello_world" -context "sdk\\\\bsp/1743996242127"
# webtalk_add_data -client sdk -key RecordType -value "BSPCreation" -context "sdk\\\\bsp/1743996242127"
# webtalk_add_data -client sdk -key uid -value "1743996242876" -context "sdk\\\\application/1743996242876"
# webtalk_add_data -client sdk -key hwid -value "1742668523048" -context "sdk\\\\application/1743996242876"
# webtalk_add_data -client sdk -key bspid -value "1743996242127" -context "sdk\\\\application/1743996242876"
# webtalk_add_data -client sdk -key newbsp -value "true" -context "sdk\\\\application/1743996242876"
# webtalk_add_data -client sdk -key os -value "standalone" -context "sdk\\\\application/1743996242876"
# webtalk_add_data -client sdk -key apptemplate -value "hello_world" -context "sdk\\\\application/1743996242876"
# webtalk_add_data -client sdk -key RecordType -value "APPCreation" -context "sdk\\\\application/1743996242876"
# webtalk_add_data -client sdk -key LangUsed -value "C" -context "sdk\\\\application/1743996242876"
# webtalk_add_data -client sdk -key Procused -value "microblaze" -context "sdk\\\\application/1743996242876"
# webtalk_add_data -client sdk -key uid -value "1743996387163" -context "sdk\\\\bsp/1743996387163"
# webtalk_add_data -client sdk -key hwid -value "1742668523048" -context "sdk\\\\bsp/1743996387163"
# webtalk_add_data -client sdk -key os -value "standalone" -context "sdk\\\\bsp/1743996387163"
# webtalk_add_data -client sdk -key apptemplate -value "empty_application" -context "sdk\\\\bsp/1743996387163"
# webtalk_add_data -client sdk -key RecordType -value "BSPCreation" -context "sdk\\\\bsp/1743996387163"
# webtalk_add_data -client sdk -key uid -value "1743996387917" -context "sdk\\\\application/1743996387917"
# webtalk_add_data -client sdk -key hwid -value "1742668523048" -context "sdk\\\\application/1743996387917"
# webtalk_add_data -client sdk -key bspid -value "1743996387163" -context "sdk\\\\application/1743996387917"
# webtalk_add_data -client sdk -key newbsp -value "true" -context "sdk\\\\application/1743996387917"
# webtalk_add_data -client sdk -key os -value "standalone" -context "sdk\\\\application/1743996387917"
# webtalk_add_data -client sdk -key apptemplate -value "empty_application" -context "sdk\\\\application/1743996387917"
# webtalk_add_data -client sdk -key RecordType -value "APPCreation" -context "sdk\\\\application/1743996387917"
# webtalk_add_data -client sdk -key LangUsed -value "C" -context "sdk\\\\application/1743996387917"
# webtalk_add_data -client sdk -key Procused -value "microblaze" -context "sdk\\\\application/1743996387917"
# webtalk_add_data -client sdk -key projSize -value "298.31640625" -context "sdk\\\\application/1743996387917"
# webtalk_add_data -client sdk -key uid -value "NA" -context "sdk\\\\bsp/1743997420042"
# webtalk_add_data -client sdk -key RecordType -value "ToolUsage" -context "sdk\\\\bsp/1743997420042"
# webtalk_add_data -client sdk -key BootgenCount -value "0" -context "sdk\\\\bsp/1743997420042"
# webtalk_add_data -client sdk -key DebugCount -value "0" -context "sdk\\\\bsp/1743997420042"
# webtalk_add_data -client sdk -key PerfCount -value "0" -context "sdk\\\\bsp/1743997420042"
# webtalk_add_data -client sdk -key FlashCount -value "0" -context "sdk\\\\bsp/1743997420042"
# webtalk_add_data -client sdk -key CrossTriggCount -value "0" -context "sdk\\\\bsp/1743997420042"
# webtalk_add_data -client sdk -key QemuDebugCount -value "0" -context "sdk\\\\bsp/1743997420042"
# webtalk_transmit -clientid 3652967178 -regid "" -xml C:\\Users\\Robert\\ECE532_HDMI2\\vivado_proj\\Nexys-Video-HDMI.sdk\\webtalk\\usage_statistics_ext_sdk.xml -html C:\\Users\\Robert\\ECE532_HDMI2\\vivado_proj\\Nexys-Video-HDMI.sdk\\webtalk\\usage_statistics_ext_sdk.html -wdm C:\\Users\\Robert\\ECE532_HDMI2\\vivado_proj\\Nexys-Video-HDMI.sdk\\webtalk\\sdk_webtalk.wdm -intro "<H3>SDK Usage Report</H3><BR>"
# webtalk_terminate
INFO: [Common 17-206] Exiting Webtalk at Sun Apr  6 23:43:42 2025...
